<?xml version="1.0" encoding="UTF-8"?>
<beans xmlns="http://www.springframework.org/schema/beans" xmlns:xsi="http://www.w3.org/2001/XMLSchema-instance" xmlns:context="http://www.springframework.org/schema/context"
  xsi:schemaLocation="http://www.springframework.org/schema/beans http://www.springframework.org/schema/beans/spring-beans-3.0.xsd http://www.springframework.org/schema/context http://www.springframework.org/schema/context/spring-context-3.0.xsd">

  <!-- Default, standalone DataSources configuration -->

	<bean id="dataSource"
		class="org.springframework.jdbc.datasource.DriverManagerDataSource">
		<property name="driverClassName" value="org.hsqldb.jdbcDriver" />
		<property name="url"
			value="jdbc:hsqldb:mem:DBNAME" />
		<property name="username" value="sa" />
		<property name="password" value="" />
		<property name="testOnBorrow" value="true"/>
		<property name="validationQuery" value="SELECT 1"/>
	</bean>
	
  </beans>
<!-- </beans> -->

<!-- <hibernate-configuration>   -->
<!--     <session-factory>   -->
<!--         <property name="dialect">org.hibernate.dialect.HSQLDialect</property>   -->
<!--         <property name="hibernate.cache.use_query_cache">false</property>   -->
<!--         <property name="hibernate.cache.use_second_level_cache">false</property>   -->
<!--         <property name="hbm2ddl.auto">create</property> this will let us create the test database automatically from our mapping files (or annotations)   -->
<!--         <property name="hibernate.show_sql">true</property> not necessary but nice to have so that you can see what hibernate is actually doing and when.   -->
<!--         <property name="connection.driver_class">org.hsqldb.jdbcDriver</property>   -->
<!--         <property name="connection.url">jdbc:hsqldb:mem:DBNAME</property>mem protocol will make it an in memory db   -->
<!--         <property name="connection.username">sa</property>   -->
<!--         <property name="connection.password"></property>   -->
<!--         <property name="connection.pool_size">1</property>    -->
  

  
<!--     </class-cache></mapping></session-factory>   -->
<!-- </hibernate-configuration>  -->