<persistence xmlns="http://java.sun.com/xml/ns/persistence"
	xmlns:xsi="http://www.w3.org/2001/XMLSchema-instance"
	xsi:schemaLocation="http://java.sun.com/xml/ns/persistence http://java.sun.com/xml/ns/persistence/persistence_2_0.xsd"
	version="2.0">

	<persistence-unit name="TestPU" transaction-type="RESOURCE_LOCAL">

		<mapping-file>orm.xml</mapping-file>

		<!-- Add list of fully qualified entity classes here -->
    	<class>com.timeron.NexusDatabaseLibrary.Entity.ContactEvent</class>
    	<class>com.timeron.NexusDatabaseLibrary.Entity.Fuel</class>
		<class>com.timeron.NexusDatabaseLibrary.Entity.JHistory</class>
		<class>com.timeron.NexusDatabaseLibrary.Entity.JNote</class>
		<class>com.timeron.NexusDatabaseLibrary.Entity.JProject</class>
		<class>com.timeron.NexusDatabaseLibrary.Entity.JRelease</class>
		<class>com.timeron.NexusDatabaseLibrary.Entity.JStatus</class>
		<class>com.timeron.NexusDatabaseLibrary.Entity.JTask</class>
		<class>com.timeron.NexusDatabaseLibrary.Entity.JTaskType</class>
		<class>com.timeron.NexusDatabaseLibrary.Entity.JUserProject</class>
		<class>com.timeron.NexusDatabaseLibrary.Entity.NexusApplication</class>
		<class>com.timeron.NexusDatabaseLibrary.Entity.NexusUserApplicationRef</class>
		<class>com.timeron.NexusDatabaseLibrary.Entity.NexusConfig</class>
		<class>com.timeron.NexusDatabaseLibrary.Entity.NexusPerson</class>
		<class>com.timeron.NexusDatabaseLibrary.Entity.NexusUser</class>
		<class>com.timeron.NexusDatabaseLibrary.Entity.NexusUserRole</class>
		<class>com.timeron.NexusDatabaseLibrary.Entity.NexusVersion</class>
		<class>com.timeron.NexusDatabaseLibrary.Entity.ObservedLinksPackage</class>
		<class>com.timeron.NexusDatabaseLibrary.Entity.ObservedObject</class>
		<class>com.timeron.NexusDatabaseLibrary.Entity.ObservedSite</class>
		<class>com.timeron.NexusDatabaseLibrary.Entity.ObservedSiteHistory</class>
		<class>com.timeron.NexusDatabaseLibrary.Entity.ProductCategory</class>
		<class>com.timeron.NexusDatabaseLibrary.Entity.ProposedProductKay</class>
		<class>com.timeron.NexusDatabaseLibrary.Entity.Site</class>
		<class>com.timeron.NexusDatabaseLibrary.Entity.SiteType</class>
		<class>com.timeron.NexusDatabaseLibrary.Entity.WalletAccount</class>
		<class>com.timeron.NexusDatabaseLibrary.Entity.WalletRecord</class>
		<class>com.timeron.NexusDatabaseLibrary.Entity.WalletType</class>
	</persistence-unit>

</persistence>

